Arguments: 
  /usr/local/bin/node /usr/local/bin/yarn init

PATH: 
  /usr/local/sbin:/usr/local/bin:/usr/sbin:/usr/bin:/sbin:/bin:/usr/games:/usr/local/games:/usr/lib/wsl/lib:/mnt/c/Python310/Scripts/:/mnt/c/Python310/:/mnt/c/ProgramData/Oracle/Java/javapath:/mnt/c/Program Files (x86)/Embarcadero/Studio/22.0/bin:/mnt/c/Users/Public/Documents/Embarcadero/Studio/22.0/Bpl:/mnt/c/Program Files (x86)/Embarcadero/Studio/22.0/bin64:/mnt/c/Users/Public/Documents/Embarcadero/Studio/22.0/Bpl/Win64:/mnt/c/Program Files (x86)/Embarcadero/Studio/19.0/bin:/mnt/c/Users/Public/Documents/Embarcadero/Studio/19.0/Bpl:/mnt/c/Program Files (x86)/Embarcadero/Studio/19.0/bin64:/mnt/c/Users/Public/Documents/Embarcadero/Studio/19.0/Bpl/Win64:/mnt/c/Program Files (x86)/Embarcadero/Studio/21.0/bin:/mnt/c/Users/Public/Documents/Embarcadero/Studio/21.0/Bpl:/mnt/c/Program Files (x86)/Embarcadero/Studio/21.0/bin64:/mnt/c/Users/Public/Documents/Embarcadero/Studio/21.0/Bpl/Win64:/mnt/c/Program Files (x86)/Common Files/Oracle/Java/javapath:/mnt/c/Program Files (x86)/Embarcadero/Studio/17.0/bin:/mnt/c/Users/Public/Documents/Embarcadero/Studio/17.0/Bpl:/mnt/c/Program Files (x86)/Embarcadero/Studio/17.0/bin64:/mnt/c/Users/Public/Documents/Embarcadero/Studio/17.0/Bpl/Win64:/mnt/c/Windows/system32:/mnt/c/Windows:/mnt/c/Windows/System32/Wbem:/mnt/c/Windows/System32/WindowsPowerShell/v1.0/:/mnt/c/Windows/System32/OpenSSH/:/mnt/c/Program Files/TortoiseSVN/bin:/mnt/c/Program Files/Git/cmd:/mnt/c/Program Files/Microsoft SQL Server/130/Tools/Binn/:/mnt/c/Program Files (x86)/Windows Kits/10/Windows Performance Toolkit/:/mnt/c/Program Files/Microsoft SQL Server/150/Tools/Binn/:/mnt/c/ProgramData/chocolatey/bin:/mnt/c/Program Files (x86)/Yarn/bin/:/mnt/c/Program Files/dotnet/:/mnt/c/Program Files/nodejs/:/mnt/c/Users/usuario022/AppData/Local/Programs/Python/Python310/Scripts/:/mnt/c/Users/usuario022/AppData/Local/Programs/Python/Python310/:/mnt/c/Program Files/MySQL/MySQL Shell 8.0/bin/:/mnt/c/Users/usuario022/AppData/Local/Programs/Python/Python39/Scripts/:/mnt/c/Users/usuario022/AppData/Local/Programs/Python/Python39/:/mnt/c/Users/usuario022/AppData/Local/Microsoft/WindowsApps:/mnt/c/Users/usuario022/AppData/Local/Programs/Microsoft VS Code/bin:/mnt/c/Program Files/JetBrains/PyCharm 2021.1.2/bin:/mnt/c/src/flutter/bin:/mnt/c/Users/usuario022/AppData/Local/Yarn/bin:/mnt/c/Users/usuario022/.dotnet/tools:/mnt/c/Users/usuario022/AppData/Roaming/npm:/mnt/c/Users/usuario022/A:/mnt/c/Users/usuario022/AppData/Local/Programs/Python/Python310/Scripts/:/mnt/c/Users/usuario022/AppData/Local/Programs/Python/Python310/:/mnt/c/Program Files/MySQL/MySQL Shell 8.0/bin/:/mnt/c/Users/usuario022/AppData/Local/Programs/Python/Python39/Scripts/:/mnt/c/Users/usuario022/AppData/Local/Programs/Python/Python39/:/mnt/c/Users/usuario022/AppData/Local/Microsoft/WindowsApps:/mnt/c/Users/usuario022/AppData/Local/Programs/Microsoft VS Code/bin:/mnt/c/Program Files/JetBrains/PyCharm 2021.1.2/bin:/mnt/c/src/flutter/bin:/mnt/c/Users/usuario022/AppData/Local/Yarn/bin:/mnt/c/Users/usuario022/.dotnet/tools:/mnt/c/Users/usuario022/AppData/Roaming/npm:/mnt/c/Users/usuario022/AppData/Local/Programs/Python/Python310/Scripts/:/mnt/c/Users/usuario022/AppData/Local/Programs/Python/Python310/:/mnt/c/Program Files/MySQL/MySQL Shell 8.0/bin/:/mnt/c/Users/usuario022/AppData/Local/Programs/Python/Python39/Scripts/:/mnt/c/Users/usuario022/AppData/Local/Programs/Python/Python39/:/mnt/c/Users/usuario022/AppData/Local/Microsoft/WindowsApps:/mnt/c/Users/usuario022/AppData/Local/Programs/Microsoft VS Code/bin:/mnt/c/Program Files/JetBrains/PyCharm 2021.1.2/bin:/mnt/c/src/flutter/bin:/mnt/c/Users/usuario022/A:/mnt/c/Users/usuario022/.boss/modules/.bin:/mnt/c/Users/usuario022/.boss/env/bpl:/mnt/c/Users/usuario022/.boss/env/dcu:/mnt/c/Users/usuario022/.boss/env/dcp:/snap/bin

Yarn version: 
  1.22.19

Node version: 
  16.15.1

Platform: 
  linux x64

Trace: 
  Error: canceled
      at Interface.<anonymous> (/usr/local/lib/node_modules/yarn/lib/cli.js:137150:13)
      at Interface.emit (node:events:527:28)
      at Interface._ttyWrite (node:readline:1081:16)
      at ReadStream.onkeypress (node:readline:288:10)
      at ReadStream.emit (node:events:527:28)
      at emitKeys (node:internal/readline/utils:358:14)
      at emitKeys.next (<anonymous>)
      at ReadStream.onData (node:internal/readline/emitKeypressEvents:61:36)
      at ReadStream.emit (node:events:527:28)
      at addChunk (node:internal/streams/readable:315:12)

npm manifest: 
  No manifest

yarn manifest: 
  No manifest

Lockfile: 
  No lockfile
